<?xml version="1.0" encoding="utf-8"?><testsuites><testsuite name="pytest" errors="0" failures="2" skipped="0" tests="6" time="32.362" timestamp="2022-07-23T21:38:30.945853" hostname="DESKTOP-CTCCQ2D"><testcase classname="tests.Test_extra_main_page.Test_Main_page" name="test_check_header_text" time="10.554"><failure message="Exception: Element by &quot;xpath&quot; with the value &quot;/html/body/app-root/app-header/header/div/div[2]/div[1]/div/div[1]/div[1]/button[2]&quot; cannot be found.">E   selenium.common.exceptions.TimeoutException: Message:

During handling of the above exception, another exception occurred:
E   Exception: Element by "xpath" with the value "/html/body/app-root/app-header/header/div/div[2]/div[1]/div/div[1]/div[1]/button[2]" cannot be found.</failure></testcase><testcase classname="tests.Test_extra_main_page.Test_Main_page" name="test_navigation_components" time="0.612" /><testcase classname="tests.Test_extra_main_page.Test_Main_page" name="test_check_bullets" time="0.554" /><testcase classname="tests.Test_extra_main_page.Test_Main_page" name="test_check_banner_click" time="8.982" /><testcase classname="tests.Test_extra_main_page.Test_Main_page" name="test_scroll_to_day_offer" time="1.058" /><testcase classname="tests.Test_extra_main_page.Test_Main_page" name="test_add_to_cart" time="10.290"><failure message="Exception: Element by &quot;xpath&quot; with the value &quot;/html/body/app-root/div[1]/ng-component/div[2]/app-home-page-products-carousel[1]/div/app-product-slider/swiper/div/div[4]/app-product-card/div/button&quot; cannot be found.">E   selenium.common.exceptions.TimeoutException: Message:

During handling of the above exception, another exception occurred:
E   Exception: Element by "xpath" with the value "/html/body/app-root/div[1]/ng-component/div[2]/app-home-page-products-carousel[1]/div/app-product-slider/swiper/div/div[4]/app-product-card/div/button" cannot be found.</failure></testcase></testsuite></testsuites>